<?xml version="1.0" encoding="UTF-8"?>
<testsuite xmlns:xsi="http://www.w3.org/2001/XMLSchema-instance" xsi:noNamespaceSchemaLocation="https://maven.apache.org/surefire/maven-surefire-plugin/xsd/surefire-test-report-3.0.xsd" version="3.0" name="MainTest" time="0.03" tests="1" errors="0" skipped="0" failures="0">
  <properties>
    <property name="java.specification.version" value="17"/>
    <property name="sun.jnu.encoding" value="UTF-8"/>
    <property name="java.class.path" value="/Users/danieljuntunen/Desktop/otp1/Task1/target/test-classes:/Users/danieljuntunen/Desktop/otp1/Task1/target/classes:/Users/danieljuntunen/.m2/repository/org/junit/jupiter/junit-jupiter/6.0.0-RC2/junit-jupiter-6.0.0-RC2.jar:/Users/danieljuntunen/.m2/repository/org/junit/jupiter/junit-jupiter-api/6.0.0-RC2/junit-jupiter-api-6.0.0-RC2.jar:/Users/danieljuntunen/.m2/repository/org/opentest4j/opentest4j/1.3.0/opentest4j-1.3.0.jar:/Users/danieljuntunen/.m2/repository/org/junit/platform/junit-platform-commons/6.0.0-RC2/junit-platform-commons-6.0.0-RC2.jar:/Users/danieljuntunen/.m2/repository/org/apiguardian/apiguardian-api/1.1.2/apiguardian-api-1.1.2.jar:/Users/danieljuntunen/.m2/repository/org/jspecify/jspecify/1.0.0/jspecify-1.0.0.jar:/Users/danieljuntunen/.m2/repository/org/junit/jupiter/junit-jupiter-params/6.0.0-RC2/junit-jupiter-params-6.0.0-RC2.jar:/Users/danieljuntunen/.m2/repository/org/junit/jupiter/junit-jupiter-engine/6.0.0-RC2/junit-jupiter-engine-6.0.0-RC2.jar:/Users/danieljuntunen/.m2/repository/org/junit/platform/junit-platform-engine/6.0.0-RC2/junit-platform-engine-6.0.0-RC2.jar:"/>
    <property name="java.vm.vendor" value="Amazon.com Inc."/>
    <property name="sun.arch.data.model" value="64"/>
    <property name="java.vendor.url" value="https://aws.amazon.com/corretto/"/>
    <property name="os.name" value="Mac OS X"/>
    <property name="java.vm.specification.version" value="17"/>
    <property name="sun.java.launcher" value="SUN_STANDARD"/>
    <property name="user.country" value="FI"/>
    <property name="sun.boot.library.path" value="/Users/danieljuntunen/Library/Java/JavaVirtualMachines/corretto-17.0.13/Contents/Home/lib"/>
    <property name="sun.java.command" value="/Users/danieljuntunen/Desktop/otp1/Task1/target/surefire/surefirebooter-20250904113832626_3.jar /Users/danieljuntunen/Desktop/otp1/Task1/target/surefire 2025-09-04T11-38-32_568-jvmRun1 surefire-20250904113832626_1tmp surefire_0-20250904113832626_2tmp"/>
    <property name="http.nonProxyHosts" value="local|*.local|169.254/16|*.169.254/16"/>
    <property name="jdk.debug" value="release"/>
    <property name="surefire.test.class.path" value="/Users/danieljuntunen/Desktop/otp1/Task1/target/test-classes:/Users/danieljuntunen/Desktop/otp1/Task1/target/classes:/Users/danieljuntunen/.m2/repository/org/junit/jupiter/junit-jupiter/6.0.0-RC2/junit-jupiter-6.0.0-RC2.jar:/Users/danieljuntunen/.m2/repository/org/junit/jupiter/junit-jupiter-api/6.0.0-RC2/junit-jupiter-api-6.0.0-RC2.jar:/Users/danieljuntunen/.m2/repository/org/opentest4j/opentest4j/1.3.0/opentest4j-1.3.0.jar:/Users/danieljuntunen/.m2/repository/org/junit/platform/junit-platform-commons/6.0.0-RC2/junit-platform-commons-6.0.0-RC2.jar:/Users/danieljuntunen/.m2/repository/org/apiguardian/apiguardian-api/1.1.2/apiguardian-api-1.1.2.jar:/Users/danieljuntunen/.m2/repository/org/jspecify/jspecify/1.0.0/jspecify-1.0.0.jar:/Users/danieljuntunen/.m2/repository/org/junit/jupiter/junit-jupiter-params/6.0.0-RC2/junit-jupiter-params-6.0.0-RC2.jar:/Users/danieljuntunen/.m2/repository/org/junit/jupiter/junit-jupiter-engine/6.0.0-RC2/junit-jupiter-engine-6.0.0-RC2.jar:/Users/danieljuntunen/.m2/repository/org/junit/platform/junit-platform-engine/6.0.0-RC2/junit-platform-engine-6.0.0-RC2.jar:"/>
    <property name="sun.cpu.endian" value="little"/>
    <property name="user.home" value="/Users/danieljuntunen"/>
    <property name="user.language" value="en"/>
    <property name="java.specification.vendor" value="Oracle Corporation"/>
    <property name="java.version.date" value="2024-10-15"/>
    <property name="java.home" value="/Users/danieljuntunen/Library/Java/JavaVirtualMachines/corretto-17.0.13/Contents/Home"/>
    <property name="file.separator" value="/"/>
    <property name="basedir" value="/Users/danieljuntunen/Desktop/otp1/Task1"/>
    <property name="java.vm.compressedOopsMode" value="Zero based"/>
    <property name="line.separator" value="&#10;"/>
    <property name="java.vm.specification.vendor" value="Oracle Corporation"/>
    <property name="java.specification.name" value="Java Platform API Specification"/>
    <property name="surefire.real.class.path" value="/Users/danieljuntunen/Desktop/otp1/Task1/target/surefire/surefirebooter-20250904113832626_3.jar"/>
    <property name="sun.management.compiler" value="HotSpot 64-Bit Tiered Compilers"/>
    <property name="ftp.nonProxyHosts" value="local|*.local|169.254/16|*.169.254/16"/>
    <property name="java.runtime.version" value="17.0.13+11-LTS"/>
    <property name="user.name" value="danieljuntunen"/>
    <property name="path.separator" value=":"/>
    <property name="os.version" value="15.6"/>
    <property name="java.runtime.name" value="OpenJDK Runtime Environment"/>
    <property name="file.encoding" value="UTF-8"/>
    <property name="java.vm.name" value="OpenJDK 64-Bit Server VM"/>
    <property name="java.vendor.version" value="Corretto-17.0.13.11.1"/>
    <property name="localRepository" value="/Users/danieljuntunen/.m2/repository"/>
    <property name="java.vendor.url.bug" value="https://github.com/corretto/corretto-17/issues/"/>
    <property name="java.io.tmpdir" value="/var/folders/0q/tp_1tywn7xx6x361f6njftmh0000gn/T/"/>
    <property name="idea.version" value="2024.3.1.1"/>
    <property name="java.version" value="17.0.13"/>
    <property name="user.dir" value="/Users/danieljuntunen/Desktop/otp1/Task1"/>
    <property name="os.arch" value="aarch64"/>
    <property name="java.vm.specification.name" value="Java Virtual Machine Specification"/>
    <property name="native.encoding" value="UTF-8"/>
    <property name="java.library.path" value="/Users/danieljuntunen/Library/Java/Extensions:/Library/Java/Extensions:/Network/Library/Java/Extensions:/System/Library/Java/Extensions:/usr/lib/java:."/>
    <property name="java.vm.info" value="mixed mode, sharing"/>
    <property name="java.vendor" value="Amazon.com Inc."/>
    <property name="java.vm.version" value="17.0.13+11-LTS"/>
    <property name="java.specification.maintenance.version" value="1"/>
    <property name="sun.io.unicode.encoding" value="UnicodeBig"/>
    <property name="socksNonProxyHosts" value="local|*.local|169.254/16|*.169.254/16"/>
    <property name="java.class.version" value="61.0"/>
  </properties>
  <testcase name="testPhd" classname="MainTest" time="0.019"/>
</testsuite>